<?xml version="1.0" encoding="UTF-8"?>
<TestRun id="7e18940c-2f19-4567-8e8a-0593ccda148a" name="dgaglani@DEL507A1EA296 2014-08-13 18:43:42" runUser="SEA\dgaglani" xmlns="http://microsoft.com/schemas/VisualStudio/TeamTest/2010">
  <TestSettings name="Local" id="5d7b4616-a58e-47b5-8a71-f3adc8b06e6d">
    <Description>These are default test settings for a local test run.</Description>
    <Deployment runDeploymentRoot="dgaglani_DEL507A1EA296 2014-08-13 18_43_42">
      <DeploymentItem filename="C:\TFS\Code\GulfstreamTestCollection\BuildSupport\3rdParty\AirTestExternal\bin\MbUnit.Framework.dll" />
      <DeploymentItem filename="C:\TFS\Code\GulfstreamTestCollection\BuildSupport\3rdParty\AirTestExternal\bin\PNRKillerLibrary.dll" />
      <DeploymentItem filename="C:\TFS\Code\GulfstreamTestCollection\products\AirInterfaceTests\v1.0\Features\AITravelFusion\bin\Debug\AITravelFusion.dll" />
      <DeploymentItem filename="C:\TFS\Code\GulfstreamTestCollection\products\AirInterfaceTests\v1.0\AirTestFramework\bin\Debug\AirTestFramework.dll" />
    </Deployment>
    <Execution parallelTestCount="0">
      <TestTypeSpecific>
        <UnitTestRunConfig testTypeId="13cdc9d9-ddb5-4fa4-a97d-d965ccfc6d4b">
          <AssemblyResolution>
            <TestDirectory useLoadContext="true" />
          </AssemblyResolution>
        </UnitTestRunConfig>
        <WebTestRunConfiguration testTypeId="4e7599fa-5ecb-43e9-a887-cd63cf72d207">
          <Browser name="Internet Explorer 7.0">
            <Headers>
              <Header name="User-Agent" value="Mozilla/4.0 (compatible; MSIE 7.0; Windows NT 5.1)" />
              <Header name="Accept" value="*/*" />
              <Header name="Accept-Language" value="{{$IEAcceptLanguage}}" />
              <Header name="Accept-Encoding" value="GZIP" />
            </Headers>
          </Browser>
        </WebTestRunConfiguration>
      </TestTypeSpecific>
      <AgentRule name="LocalMachineDefaultRole">
      </AgentRule>
    </Execution>
  </TestSettings>
  <Times creation="2014-08-13T18:43:42.7228955+05:30" queuing="2014-08-13T18:43:49.4091805+05:30" start="2014-08-13T18:43:49.8679475+05:30" finish="2014-08-13T18:46:24.2088795+05:30" />
  <ResultSummary outcome="Error">
    <Counters total="1" executed="1" error="0" failed="0" timeout="0" aborted="1" inconclusive="0" passedButRunAborted="0" notRunnable="0" notExecuted="0" disconnected="0" warning="0" passed="0" completed="0" inProgress="0" pending="0" />
    <RunInfos>
      <RunInfo computerName="DEL507A1EA296" outcome="Warning" timestamp="2014-08-13T18:43:44.2065675+05:30">
        <Text>Warning: Test Run deployment issue: The assembly or module 'Noemax.WCFX' directly or indirectly referenced by the test container 'c:\tfs\code\gulfstreamtestcollection\products\airinterfacetests\v1.0\regression\bin\debug\regression.dll' was not found.</Text>
      </RunInfo>
      <RunInfo computerName="DEL507A1EA296" outcome="Error" timestamp="2014-08-13T18:46:24.2079034+05:30">
        <Text>Test host process exited unexpectedly.</Text>
      </RunInfo>
    </RunInfos>
  </ResultSummary>
  <TestDefinitions>
    <UnitTest name="CharterBookingTest" storage="c:\tfs\code\gulfstreamtestcollection\products\airinterfacetests\v1.0\regression\bin\debug\regression.dll" id="176f7b83-6e6b-a3e1-b49b-61bdfd25452f">
      <Execution timeOut="7200000" id="59f474ca-204b-4cf3-a566-a6ad05b4dc23" />
      <DeploymentItems>
        <DeploymentItem filename="TestData" outputDirectory="TestData" />
      </DeploymentItems>
      <TestMethod codeBase="C:/TFS/Code/GulfstreamTestCollection/products/AirInterfaceTests/v1.0/Regression/bin/Debug/Regression.DLL" adapterTypeName="Microsoft.VisualStudio.TestTools.TestTypes.Unit.UnitTestAdapter, Microsoft.VisualStudio.QualityTools.Tips.UnitTest.Adapter, Version=10.0.0.0, Culture=neutral, PublicKeyToken=b03f5f7f11d50a3a" className="SearchToTicket.SearchToTicketMSTests, Regression, Version=1.0.0.0, Culture=neutral, PublicKeyToken=null" name="CharterBookingTest" />
      <DataSource connectionString="|DataDirectory|\TestData\SearchToTicket\TestData_SearchToTicketSabre.xml" providerInvariantName="Microsoft.VisualStudio.TestTools.DataSource.XML" tableName="Charter" />
    </UnitTest>
  </TestDefinitions>
  <TestLists>
    <TestList name="Booking" id="5c51f97d-2531-451f-8309-23e970e0206d" parentListId="2e0d9096-4f00-46de-8697-00896279a5f0" />
    <TestList name="All Loaded Results" id="19431567-8539-422a-85d7-44ee4e166bda" />
    <TestList name="Lists of Results" id="8c43106b-9dc1-4907-a29f-aa66a61bf5b6" />
    <TestList name="SearchToTicket" id="1ea10c4b-ae26-4404-9c26-2c88dd2ae4bd" parentListId="5c51f97d-2531-451f-8309-23e970e0206d">
      <TestLinks>
        <TestLink id="c4fd1cab-2c37-5b40-a523-1456cdfac63d" name="SabreMSTests" storage="c:\tfs\code\gulfstreamtestcollection\products\airinterfacetests\v1.0\regression\bin\debug\regression.dll" type="Microsoft.VisualStudio.TestTools.TestTypes.Unit.UnitTestElement, Microsoft.VisualStudio.QualityTools.Tips.UnitTest.ObjectModel, Version=10.0.0.0, Culture=neutral, PublicKeyToken=b03f5f7f11d50a3a" />
        <TestLink id="176f7b83-6e6b-a3e1-b49b-61bdfd25452f" name="CharterBookingTest" storage="c:\tfs\code\gulfstreamtestcollection\products\airinterfacetests\v1.0\regression\bin\debug\regression.dll" type="Microsoft.VisualStudio.TestTools.TestTypes.Unit.UnitTestElement, Microsoft.VisualStudio.QualityTools.Tips.UnitTest.ObjectModel, Version=10.0.0.0, Culture=neutral, PublicKeyToken=b03f5f7f11d50a3a" />
        <TestLink id="a121377d-6740-1110-8c08-76c72debf2b1" name="AmadeusMSTests" storage="c:\tfs\code\gulfstreamtestcollection\products\airinterfacetests\v1.0\regression\bin\debug\regression.dll" type="Microsoft.VisualStudio.TestTools.TestTypes.Unit.UnitTestElement, Microsoft.VisualStudio.QualityTools.Tips.UnitTest.ObjectModel, Version=10.0.0.0, Culture=neutral, PublicKeyToken=b03f5f7f11d50a3a" />
        <TestLink id="63abfe4c-0b44-caf2-0b7a-c2b64ef985ae" name="WorldspanMSTests" storage="c:\tfs\code\gulfstreamtestcollection\products\airinterfacetests\v1.0\regression\bin\debug\regression.dll" type="Microsoft.VisualStudio.TestTools.TestTypes.Unit.UnitTestElement, Microsoft.VisualStudio.QualityTools.Tips.UnitTest.ObjectModel, Version=10.0.0.0, Culture=neutral, PublicKeyToken=b03f5f7f11d50a3a" />
        <TestLink id="2c2ace38-b146-fed0-bebb-8c92aba0ee75" name="DirectTicketingMSTest" storage="c:\tfs\code\gulfstreamtestcollection\products\airinterfacetests\v1.0\regression\bin\debug\regression.dll" type="Microsoft.VisualStudio.TestTools.TestTypes.Unit.UnitTestElement, Microsoft.VisualStudio.QualityTools.Tips.UnitTest.ObjectModel, Version=10.0.0.0, Culture=neutral, PublicKeyToken=b03f5f7f11d50a3a" />
      </TestLinks>
    </TestList>
    <TestList name="Regression" id="2e0d9096-4f00-46de-8697-00896279a5f0" parentListId="8c43106b-9dc1-4907-a29f-aa66a61bf5b6" />
  </TestLists>
  <TestEntries>
    <TestEntry testId="176f7b83-6e6b-a3e1-b49b-61bdfd25452f" executionId="59f474ca-204b-4cf3-a566-a6ad05b4dc23" testListId="1ea10c4b-ae26-4404-9c26-2c88dd2ae4bd" />
  </TestEntries>
  <Results>
    <UnitTestResult executionId="59f474ca-204b-4cf3-a566-a6ad05b4dc23" testId="176f7b83-6e6b-a3e1-b49b-61bdfd25452f" testName="CharterBookingTest" computerName="DEL507A1EA296" duration="00:02:34.1222856" startTime="2014-08-13T18:43:50.0865939+05:30" endTime="2014-08-13T18:46:24.2088795+05:30" testType="13cdc9d9-ddb5-4fa4-a97d-d965ccfc6d4b" outcome="Aborted" testListId="1ea10c4b-ae26-4404-9c26-2c88dd2ae4bd" relativeResultsDirectory="59f474ca-204b-4cf3-a566-a6ad05b4dc23">
    </UnitTestResult>
  </Results>
</TestRun>