<?xml version="1.0" encoding="UTF-8"?>
<!-- Generated by org.testng.reporters.JUnitReportReporter -->
<testsuite name="com.yahoo.weather.client.WeatherClientTest" tests="7" failures="0" timestamp="7 Jun 2014 18:40:17 GMT" time="2.795" errors="0">
  <testcase name="testWeatherForNullLocation" time="0.067" classname="com.yahoo.weather.client.WeatherClientTest"/>
  <testcase name="testQueryParams" time="0.000" classname="com.yahoo.weather.client.WeatherClientTest"/>
  <testcase name="testWeatherForLocation" time="0.488" classname="com.yahoo.weather.client.WeatherClientTest"/>
  <testcase name="testWeatherForNullLocation" time="0.060" classname="com.yahoo.weather.client.WeatherClientTest"/>
  <testcase name="testWeatherForInvalidLocation" time="1.651" classname="com.yahoo.weather.client.WeatherClientTest"/>
  <testcase name="testQueryParams" time="0.019" classname="com.yahoo.weather.client.WeatherClientTest"/>
  <testcase name="testWeatherForLocation" time="0.510" classname="com.yahoo.weather.client.WeatherClientTest"/>
</testsuite> <!-- com.yahoo.weather.client.WeatherClientTest -->
