<?xml version="1.0" encoding="UTF-8"?>
<!-- Generated by org.testng.reporters.JUnitReportReporter -->
<testsuite name="TestIntegerAggregator" tests="1" failures="0" timestamp="29 Aug 2014 21:15:30 GMT" time="0.021" errors="0">
  <testcase name="testAggregateIntegers" time="0.021" classname="TestIntegerAggregator"/>
</testsuite> <!-- TestIntegerAggregator -->
