<?xml version="1.0" encoding="UTF-8"?>
<!-- Generated by org.testng.reporters.JUnitReportReporter -->
<testsuite name="TestTrxAggregator" tests="1" failures="0" timestamp="29 Aug 2014 21:15:30 GMT" time="3.227" errors="0">
  <testcase name="testPerformMerge" time="3.227" classname="TestTrxAggregator"/>
</testsuite> <!-- TestTrxAggregator -->
