<?xml version="1.0" encoding="UTF-8"?>
<TestRun id="8347c790-414b-4422-b7d8-91e2b4d42410" name="dgaglani@DEL507A1EA296 2014-08-26 16:48:16" runUser="SEA\dgaglani" xmlns="http://microsoft.com/schemas/VisualStudio/TeamTest/2010">
  <TestSettings name="Local" id="5d7b4616-a58e-47b5-8a71-f3adc8b06e6d">
    <Description>These are default test settings for a local test run.</Description>
    <Deployment runDeploymentRoot="dgaglani_DEL507A1EA296 2014-08-26 16_48_16">
      <DeploymentItem filename="C:\TFS\Code\GulfstreamTestCollection\BuildSupport\3rdParty\AirTestExternal\bin\MbUnit.Framework.dll" />
      <DeploymentItem filename="C:\TFS\Code\GulfstreamTestCollection\BuildSupport\3rdParty\AirTestExternal\bin\PNRKillerLibrary.dll" />
      <DeploymentItem filename="C:\TFS\Code\GulfstreamTestCollection\products\AirInterfaceTests\v1.0\Features\AITravelFusion\bin\Debug\AITravelFusion.dll" />
      <DeploymentItem filename="C:\TFS\Code\GulfstreamTestCollection\products\AirInterfaceTests\v1.0\AirTestFramework\bin\Debug\AirTestFramework.dll" />
    </Deployment>
    <Execution parallelTestCount="0">
      <TestTypeSpecific>
        <UnitTestRunConfig testTypeId="13cdc9d9-ddb5-4fa4-a97d-d965ccfc6d4b">
          <AssemblyResolution>
            <TestDirectory useLoadContext="true" />
          </AssemblyResolution>
        </UnitTestRunConfig>
        <WebTestRunConfiguration testTypeId="4e7599fa-5ecb-43e9-a887-cd63cf72d207">
          <Browser name="Internet Explorer 7.0">
            <Headers>
              <Header name="User-Agent" value="Mozilla/4.0 (compatible; MSIE 7.0; Windows NT 5.1)" />
              <Header name="Accept" value="*/*" />
              <Header name="Accept-Language" value="{{$IEAcceptLanguage}}" />
              <Header name="Accept-Encoding" value="GZIP" />
            </Headers>
          </Browser>
        </WebTestRunConfiguration>
      </TestTypeSpecific>
      <AgentRule name="LocalMachineDefaultRole">
      </AgentRule>
    </Execution>
  </TestSettings>
  <Times creation="2014-08-26T16:48:16.9005584+05:30" queuing="2014-08-26T16:48:17.3202814+05:30" start="2014-08-26T16:48:17.5008599+05:30" finish="2014-08-26T16:48:18.2758833+05:30" />
  <ResultSummary outcome="Failed">
    <Counters total="17" executed="17" error="0" failed="17" timeout="0" aborted="0" inconclusive="0" passedButRunAborted="0" notRunnable="0" notExecuted="0" disconnected="0" warning="0" passed="0" completed="0" inProgress="0" pending="0" />
    <RunInfos>
      <RunInfo computerName="DEL507A1EA296" outcome="Warning" timestamp="2014-08-26T16:48:17.3202814+05:30">
        <Text>Warning: Test Run deployment issue: The assembly or module 'Noemax.WCFX' directly or indirectly referenced by the test container 'c:\tfs\code\gulfstreamtestcollection\products\airinterfacetests\v1.0\regression\bin\debug\regression.dll' was not found.</Text>
      </RunInfo>
    </RunInfos>
  </ResultSummary>
  <TestDefinitions>
    <UnitTest name="SabreMSTests" storage="c:\tfs\code\gulfstreamtestcollection\products\airinterfacetests\v1.0\regression\bin\debug\regression.dll" id="c4fd1cab-2c37-5b40-a523-1456cdfac63d">
      <Execution timeOut="7200000" id="229b3952-d882-4fdd-9d47-736608034d8c" />
      <DeploymentItems>
        <DeploymentItem filename="TestData" outputDirectory="TestData" />
      </DeploymentItems>
      <TestMethod codeBase="C:/TFS/Code/GulfstreamTestCollection/products/AirInterfaceTests/v1.0/Regression/bin/Debug/Regression.DLL" adapterTypeName="Microsoft.VisualStudio.TestTools.TestTypes.Unit.UnitTestAdapter, Microsoft.VisualStudio.QualityTools.Tips.UnitTest.Adapter, Version=10.0.0.0, Culture=neutral, PublicKeyToken=b03f5f7f11d50a3a" className="SearchToTicket.SearchToTicketMSTests, Regression, Version=1.0.0.0, Culture=neutral, PublicKeyToken=null" name="SabreMSTests" />
      <DataSource connectionString="|DataDirectory|\TestData\SearchToTicket\TestData_SearchToTicketSabre.xml" providerInvariantName="Microsoft.VisualStudio.TestTools.DataSource.XML" tableName="Test" />
    </UnitTest>
  </TestDefinitions>
  <TestLists>
    <TestList name="Booking" id="5c51f97d-2531-451f-8309-23e970e0206d" parentListId="2e0d9096-4f00-46de-8697-00896279a5f0" />
    <TestList name="All Loaded Results" id="19431567-8539-422a-85d7-44ee4e166bda" />
    <TestList name="Lists of Results" id="8c43106b-9dc1-4907-a29f-aa66a61bf5b6" />
    <TestList name="SearchToTicket" id="1ea10c4b-ae26-4404-9c26-2c88dd2ae4bd" parentListId="5c51f97d-2531-451f-8309-23e970e0206d">
      <TestLinks>
        <TestLink id="c4fd1cab-2c37-5b40-a523-1456cdfac63d" name="SabreMSTests" storage="c:\tfs\code\gulfstreamtestcollection\products\airinterfacetests\v1.0\regression\bin\debug\regression.dll" type="Microsoft.VisualStudio.TestTools.TestTypes.Unit.UnitTestElement, Microsoft.VisualStudio.QualityTools.Tips.UnitTest.ObjectModel, Version=10.0.0.0, Culture=neutral, PublicKeyToken=b03f5f7f11d50a3a" />
        <TestLink id="176f7b83-6e6b-a3e1-b49b-61bdfd25452f" name="CharterBookingTest" storage="c:\tfs\code\gulfstreamtestcollection\products\airinterfacetests\v1.0\regression\bin\debug\regression.dll" type="Microsoft.VisualStudio.TestTools.TestTypes.Unit.UnitTestElement, Microsoft.VisualStudio.QualityTools.Tips.UnitTest.ObjectModel, Version=10.0.0.0, Culture=neutral, PublicKeyToken=b03f5f7f11d50a3a" />
        <TestLink id="a121377d-6740-1110-8c08-76c72debf2b1" name="AmadeusMSTests" storage="c:\tfs\code\gulfstreamtestcollection\products\airinterfacetests\v1.0\regression\bin\debug\regression.dll" type="Microsoft.VisualStudio.TestTools.TestTypes.Unit.UnitTestElement, Microsoft.VisualStudio.QualityTools.Tips.UnitTest.ObjectModel, Version=10.0.0.0, Culture=neutral, PublicKeyToken=b03f5f7f11d50a3a" />
        <TestLink id="63abfe4c-0b44-caf2-0b7a-c2b64ef985ae" name="WorldspanMSTests" storage="c:\tfs\code\gulfstreamtestcollection\products\airinterfacetests\v1.0\regression\bin\debug\regression.dll" type="Microsoft.VisualStudio.TestTools.TestTypes.Unit.UnitTestElement, Microsoft.VisualStudio.QualityTools.Tips.UnitTest.ObjectModel, Version=10.0.0.0, Culture=neutral, PublicKeyToken=b03f5f7f11d50a3a" />
        <TestLink id="2c2ace38-b146-fed0-bebb-8c92aba0ee75" name="DirectTicketingMSTest" storage="c:\tfs\code\gulfstreamtestcollection\products\airinterfacetests\v1.0\regression\bin\debug\regression.dll" type="Microsoft.VisualStudio.TestTools.TestTypes.Unit.UnitTestElement, Microsoft.VisualStudio.QualityTools.Tips.UnitTest.ObjectModel, Version=10.0.0.0, Culture=neutral, PublicKeyToken=b03f5f7f11d50a3a" />
      </TestLinks>
    </TestList>
    <TestList name="Regression" id="2e0d9096-4f00-46de-8697-00896279a5f0" parentListId="8c43106b-9dc1-4907-a29f-aa66a61bf5b6" />
  </TestLists>
  <TestEntries>
    <TestEntry testId="c4fd1cab-2c37-5b40-a523-1456cdfac63d" executionId="229b3952-d882-4fdd-9d47-736608034d8c" testListId="1ea10c4b-ae26-4404-9c26-2c88dd2ae4bd" />
  </TestEntries>
  <Results>
    <UnitTestResult executionId="229b3952-d882-4fdd-9d47-736608034d8c" testId="c4fd1cab-2c37-5b40-a523-1456cdfac63d" testName="SabreMSTests" computerName="DEL507A1EA296" duration="00:00:00.0802790" startTime="2014-08-26T16:48:17.5662586+05:30" endTime="2014-08-26T16:48:18.1616796+05:30" testType="13cdc9d9-ddb5-4fa4-a97d-d965ccfc6d4b" outcome="Failed" testListId="1ea10c4b-ae26-4404-9c26-2c88dd2ae4bd" relativeResultsDirectory="229b3952-d882-4fdd-9d47-736608034d8c" resultType="DataDrivenTest">
      <Counters error="0" failed="16" timeout="0" aborted="0" inconclusive="0" passedButRunAborted="0" notRunnable="0" notExecuted="0" disconnected="0" warning="0" passed="0" completed="0" inProgress="0" pending="0" />
      <InnerResults>
        <UnitTestResult executionId="d543bcb0-bca0-411e-97f3-b007a156f060" parentExecutionId="229b3952-d882-4fdd-9d47-736608034d8c" testId="c4fd1cab-2c37-5b40-a523-1456cdfac63d" testName="SabreMSTests" computerName="DEL507A1EA296" duration="00:00:00.0288426" startTime="2014-08-26T16:48:17.8551842+05:30" endTime="2014-08-26T16:48:17.8873955+05:30" testType="13cdc9d9-ddb5-4fa4-a97d-d965ccfc6d4b" outcome="Failed" testListId="1ea10c4b-ae26-4404-9c26-2c88dd2ae4bd" relativeResultsDirectory="229b3952-d882-4fdd-9d47-736608034d8c" dataRowInfo="0" resultType="DataDrivenDataRow">
          <Output>
            <ErrorInfo>
              <Message>Assert.Fail failed. Assert.Fail failed. </Message>
              <StackTrace>   at SearchToTicket.SearchToTicketMSTests.SabreMSTests() in C:\TFS\Code\GulfstreamTestCollection\products\AirInterfaceTests\v1.0\Regression\SearchToTicket.cs:line 455
</StackTrace>
            </ErrorInfo>
          </Output>
        </UnitTestResult>
        <UnitTestResult executionId="36fd560d-1f9d-4a37-a21c-313d4e9687db" parentExecutionId="229b3952-d882-4fdd-9d47-736608034d8c" testId="c4fd1cab-2c37-5b40-a523-1456cdfac63d" testName="SabreMSTests" computerName="DEL507A1EA296" duration="00:00:00.0025656" startTime="2014-08-26T16:48:17.8873955+05:30" endTime="2014-08-26T16:48:17.8903238+05:30" testType="13cdc9d9-ddb5-4fa4-a97d-d965ccfc6d4b" outcome="Failed" testListId="1ea10c4b-ae26-4404-9c26-2c88dd2ae4bd" relativeResultsDirectory="229b3952-d882-4fdd-9d47-736608034d8c" dataRowInfo="1" resultType="DataDrivenDataRow">
          <Output>
            <ErrorInfo>
              <Message>Assert.Fail failed. Assert.Fail failed. </Message>
              <StackTrace>   at SearchToTicket.SearchToTicketMSTests.SabreMSTests() in C:\TFS\Code\GulfstreamTestCollection\products\AirInterfaceTests\v1.0\Regression\SearchToTicket.cs:line 455
</StackTrace>
            </ErrorInfo>
          </Output>
        </UnitTestResult>
        <UnitTestResult executionId="210c70d8-edb8-48bc-a277-007e1f38e4b9" parentExecutionId="229b3952-d882-4fdd-9d47-736608034d8c" testId="c4fd1cab-2c37-5b40-a523-1456cdfac63d" testName="SabreMSTests" computerName="DEL507A1EA296" duration="00:00:00.0014142" startTime="2014-08-26T16:48:17.8903238+05:30" endTime="2014-08-26T16:48:17.8912999+05:30" testType="13cdc9d9-ddb5-4fa4-a97d-d965ccfc6d4b" outcome="Failed" testListId="1ea10c4b-ae26-4404-9c26-2c88dd2ae4bd" relativeResultsDirectory="229b3952-d882-4fdd-9d47-736608034d8c" dataRowInfo="2" resultType="DataDrivenDataRow">
          <Output>
            <ErrorInfo>
              <Message>Assert.Fail failed. Assert.Fail failed. </Message>
              <StackTrace>   at SearchToTicket.SearchToTicketMSTests.SabreMSTests() in C:\TFS\Code\GulfstreamTestCollection\products\AirInterfaceTests\v1.0\Regression\SearchToTicket.cs:line 455
</StackTrace>
            </ErrorInfo>
          </Output>
        </UnitTestResult>
        <UnitTestResult executionId="0f2976b2-44aa-49ee-a3b8-6b971e978ba9" parentExecutionId="229b3952-d882-4fdd-9d47-736608034d8c" testId="c4fd1cab-2c37-5b40-a523-1456cdfac63d" testName="SabreMSTests" computerName="DEL507A1EA296" duration="00:00:00.0015238" startTime="2014-08-26T16:48:17.8912999+05:30" endTime="2014-08-26T16:48:17.8932521+05:30" testType="13cdc9d9-ddb5-4fa4-a97d-d965ccfc6d4b" outcome="Failed" testListId="1ea10c4b-ae26-4404-9c26-2c88dd2ae4bd" relativeResultsDirectory="229b3952-d882-4fdd-9d47-736608034d8c" dataRowInfo="3" resultType="DataDrivenDataRow">
          <Output>
            <ErrorInfo>
              <Message>Assert.Fail failed. Assert.Fail failed. </Message>
              <StackTrace>   at SearchToTicket.SearchToTicketMSTests.SabreMSTests() in C:\TFS\Code\GulfstreamTestCollection\products\AirInterfaceTests\v1.0\Regression\SearchToTicket.cs:line 455
</StackTrace>
            </ErrorInfo>
          </Output>
        </UnitTestResult>
        <UnitTestResult executionId="8300c21c-1c81-4c42-b9da-1273722b37cf" parentExecutionId="229b3952-d882-4fdd-9d47-736608034d8c" testId="c4fd1cab-2c37-5b40-a523-1456cdfac63d" testName="SabreMSTests" computerName="DEL507A1EA296" duration="00:00:00.0019360" startTime="2014-08-26T16:48:17.8932521+05:30" endTime="2014-08-26T16:48:17.8952043+05:30" testType="13cdc9d9-ddb5-4fa4-a97d-d965ccfc6d4b" outcome="Failed" testListId="1ea10c4b-ae26-4404-9c26-2c88dd2ae4bd" relativeResultsDirectory="229b3952-d882-4fdd-9d47-736608034d8c" dataRowInfo="4" resultType="DataDrivenDataRow">
          <Output>
            <ErrorInfo>
              <Message>Assert.Fail failed. Assert.Fail failed. </Message>
              <StackTrace>   at SearchToTicket.SearchToTicketMSTests.SabreMSTests() in C:\TFS\Code\GulfstreamTestCollection\products\AirInterfaceTests\v1.0\Regression\SearchToTicket.cs:line 455
</StackTrace>
            </ErrorInfo>
          </Output>
        </UnitTestResult>
        <UnitTestResult executionId="ec782028-e097-41f3-a907-93a348e183a7" parentExecutionId="229b3952-d882-4fdd-9d47-736608034d8c" testId="c4fd1cab-2c37-5b40-a523-1456cdfac63d" testName="SabreMSTests" computerName="DEL507A1EA296" duration="00:00:00.0014332" startTime="2014-08-26T16:48:17.8952043+05:30" endTime="2014-08-26T16:48:17.8961804+05:30" testType="13cdc9d9-ddb5-4fa4-a97d-d965ccfc6d4b" outcome="Failed" testListId="1ea10c4b-ae26-4404-9c26-2c88dd2ae4bd" relativeResultsDirectory="229b3952-d882-4fdd-9d47-736608034d8c" dataRowInfo="5" resultType="DataDrivenDataRow">
          <Output>
            <ErrorInfo>
              <Message>Assert.Fail failed. Assert.Fail failed. </Message>
              <StackTrace>   at SearchToTicket.SearchToTicketMSTests.SabreMSTests() in C:\TFS\Code\GulfstreamTestCollection\products\AirInterfaceTests\v1.0\Regression\SearchToTicket.cs:line 455
</StackTrace>
            </ErrorInfo>
          </Output>
        </UnitTestResult>
        <UnitTestResult executionId="52d2637d-e856-4f9b-a875-d07934c9c04f" parentExecutionId="229b3952-d882-4fdd-9d47-736608034d8c" testId="c4fd1cab-2c37-5b40-a523-1456cdfac63d" testName="SabreMSTests" computerName="DEL507A1EA296" duration="00:00:00.0015210" startTime="2014-08-26T16:48:17.8961804+05:30" endTime="2014-08-26T16:48:17.8981326+05:30" testType="13cdc9d9-ddb5-4fa4-a97d-d965ccfc6d4b" outcome="Failed" testListId="1ea10c4b-ae26-4404-9c26-2c88dd2ae4bd" relativeResultsDirectory="229b3952-d882-4fdd-9d47-736608034d8c" dataRowInfo="6" resultType="DataDrivenDataRow">
          <Output>
            <ErrorInfo>
              <Message>Assert.Fail failed. Assert.Fail failed. </Message>
              <StackTrace>   at SearchToTicket.SearchToTicketMSTests.SabreMSTests() in C:\TFS\Code\GulfstreamTestCollection\products\AirInterfaceTests\v1.0\Regression\SearchToTicket.cs:line 455
</StackTrace>
            </ErrorInfo>
          </Output>
        </UnitTestResult>
        <UnitTestResult executionId="91c099ed-3dcc-4d1c-859f-be87f3599dbd" parentExecutionId="229b3952-d882-4fdd-9d47-736608034d8c" testId="c4fd1cab-2c37-5b40-a523-1456cdfac63d" testName="SabreMSTests" computerName="DEL507A1EA296" duration="00:00:00.0014766" startTime="2014-08-26T16:48:17.8981326+05:30" endTime="2014-08-26T16:48:17.8991087+05:30" testType="13cdc9d9-ddb5-4fa4-a97d-d965ccfc6d4b" outcome="Failed" testListId="1ea10c4b-ae26-4404-9c26-2c88dd2ae4bd" relativeResultsDirectory="229b3952-d882-4fdd-9d47-736608034d8c" dataRowInfo="7" resultType="DataDrivenDataRow">
          <Output>
            <ErrorInfo>
              <Message>Assert.Fail failed. Assert.Fail failed. </Message>
              <StackTrace>   at SearchToTicket.SearchToTicketMSTests.SabreMSTests() in C:\TFS\Code\GulfstreamTestCollection\products\AirInterfaceTests\v1.0\Regression\SearchToTicket.cs:line 455
</StackTrace>
            </ErrorInfo>
          </Output>
        </UnitTestResult>
        <UnitTestResult executionId="c4e8aeea-4591-4210-baaf-d12142ff5603" parentExecutionId="229b3952-d882-4fdd-9d47-736608034d8c" testId="c4fd1cab-2c37-5b40-a523-1456cdfac63d" testName="SabreMSTests" computerName="DEL507A1EA296" duration="00:00:00.0014465" startTime="2014-08-26T16:48:17.8991087+05:30" endTime="2014-08-26T16:48:17.9010609+05:30" testType="13cdc9d9-ddb5-4fa4-a97d-d965ccfc6d4b" outcome="Failed" testListId="1ea10c4b-ae26-4404-9c26-2c88dd2ae4bd" relativeResultsDirectory="229b3952-d882-4fdd-9d47-736608034d8c" dataRowInfo="8" resultType="DataDrivenDataRow">
          <Output>
            <ErrorInfo>
              <Message>Assert.Fail failed. Assert.Fail failed. </Message>
              <StackTrace>   at SearchToTicket.SearchToTicketMSTests.SabreMSTests() in C:\TFS\Code\GulfstreamTestCollection\products\AirInterfaceTests\v1.0\Regression\SearchToTicket.cs:line 455
</StackTrace>
            </ErrorInfo>
          </Output>
        </UnitTestResult>
        <UnitTestResult executionId="045aceb0-0339-4537-9459-69b181ee3bd7" parentExecutionId="229b3952-d882-4fdd-9d47-736608034d8c" testId="c4fd1cab-2c37-5b40-a523-1456cdfac63d" testName="SabreMSTests" computerName="DEL507A1EA296" duration="00:00:00.0015182" startTime="2014-08-26T16:48:17.9010609+05:30" endTime="2014-08-26T16:48:17.9020370+05:30" testType="13cdc9d9-ddb5-4fa4-a97d-d965ccfc6d4b" outcome="Failed" testListId="1ea10c4b-ae26-4404-9c26-2c88dd2ae4bd" relativeResultsDirectory="229b3952-d882-4fdd-9d47-736608034d8c" dataRowInfo="9" resultType="DataDrivenDataRow">
          <Output>
            <ErrorInfo>
              <Message>Assert.Fail failed. Assert.Fail failed. </Message>
              <StackTrace>   at SearchToTicket.SearchToTicketMSTests.SabreMSTests() in C:\TFS\Code\GulfstreamTestCollection\products\AirInterfaceTests\v1.0\Regression\SearchToTicket.cs:line 455
</StackTrace>
            </ErrorInfo>
          </Output>
        </UnitTestResult>
        <UnitTestResult executionId="f812cd7b-6cc1-47eb-a209-58e982e96eef" parentExecutionId="229b3952-d882-4fdd-9d47-736608034d8c" testId="c4fd1cab-2c37-5b40-a523-1456cdfac63d" testName="SabreMSTests" computerName="DEL507A1EA296" duration="00:00:00.0013987" startTime="2014-08-26T16:48:17.9020370+05:30" endTime="2014-08-26T16:48:17.9039892+05:30" testType="13cdc9d9-ddb5-4fa4-a97d-d965ccfc6d4b" outcome="Failed" testListId="1ea10c4b-ae26-4404-9c26-2c88dd2ae4bd" relativeResultsDirectory="229b3952-d882-4fdd-9d47-736608034d8c" dataRowInfo="10" resultType="DataDrivenDataRow">
          <Output>
            <ErrorInfo>
              <Message>Assert.Fail failed. Assert.Fail failed. </Message>
              <StackTrace>   at SearchToTicket.SearchToTicketMSTests.SabreMSTests() in C:\TFS\Code\GulfstreamTestCollection\products\AirInterfaceTests\v1.0\Regression\SearchToTicket.cs:line 455
</StackTrace>
            </ErrorInfo>
          </Output>
        </UnitTestResult>
        <UnitTestResult executionId="46ebf21d-5985-4923-8954-cb869ed8e19a" parentExecutionId="229b3952-d882-4fdd-9d47-736608034d8c" testId="c4fd1cab-2c37-5b40-a523-1456cdfac63d" testName="SabreMSTests" computerName="DEL507A1EA296" duration="00:00:00.0013270" startTime="2014-08-26T16:48:17.9039892+05:30" endTime="2014-08-26T16:48:17.9049653+05:30" testType="13cdc9d9-ddb5-4fa4-a97d-d965ccfc6d4b" outcome="Failed" testListId="1ea10c4b-ae26-4404-9c26-2c88dd2ae4bd" relativeResultsDirectory="229b3952-d882-4fdd-9d47-736608034d8c" dataRowInfo="11" resultType="DataDrivenDataRow">
          <Output>
            <ErrorInfo>
              <Message>Assert.Fail failed. Assert.Fail failed. </Message>
              <StackTrace>   at SearchToTicket.SearchToTicketMSTests.SabreMSTests() in C:\TFS\Code\GulfstreamTestCollection\products\AirInterfaceTests\v1.0\Regression\SearchToTicket.cs:line 455
</StackTrace>
            </ErrorInfo>
          </Output>
        </UnitTestResult>
        <UnitTestResult executionId="e6af44f4-7bcd-42e9-9bae-65a6fc8f1712" parentExecutionId="229b3952-d882-4fdd-9d47-736608034d8c" testId="c4fd1cab-2c37-5b40-a523-1456cdfac63d" testName="SabreMSTests" computerName="DEL507A1EA296" duration="00:00:00.0014312" startTime="2014-08-26T16:48:17.9049653+05:30" endTime="2014-08-26T16:48:17.9069175+05:30" testType="13cdc9d9-ddb5-4fa4-a97d-d965ccfc6d4b" outcome="Failed" testListId="1ea10c4b-ae26-4404-9c26-2c88dd2ae4bd" relativeResultsDirectory="229b3952-d882-4fdd-9d47-736608034d8c" dataRowInfo="12" resultType="DataDrivenDataRow">
          <Output>
            <ErrorInfo>
              <Message>Assert.Fail failed. Assert.Fail failed. </Message>
              <StackTrace>   at SearchToTicket.SearchToTicketMSTests.SabreMSTests() in C:\TFS\Code\GulfstreamTestCollection\products\AirInterfaceTests\v1.0\Regression\SearchToTicket.cs:line 455
</StackTrace>
            </ErrorInfo>
          </Output>
        </UnitTestResult>
        <UnitTestResult executionId="75d43098-50d8-458f-ba7c-76bd869915fd" parentExecutionId="229b3952-d882-4fdd-9d47-736608034d8c" testId="c4fd1cab-2c37-5b40-a523-1456cdfac63d" testName="SabreMSTests" computerName="DEL507A1EA296" duration="00:00:00.0016739" startTime="2014-08-26T16:48:17.9069175+05:30" endTime="2014-08-26T16:48:17.9078936+05:30" testType="13cdc9d9-ddb5-4fa4-a97d-d965ccfc6d4b" outcome="Failed" testListId="1ea10c4b-ae26-4404-9c26-2c88dd2ae4bd" relativeResultsDirectory="229b3952-d882-4fdd-9d47-736608034d8c" dataRowInfo="13" resultType="DataDrivenDataRow">
          <Output>
            <ErrorInfo>
              <Message>Assert.Fail failed. Assert.Fail failed. </Message>
              <StackTrace>   at SearchToTicket.SearchToTicketMSTests.SabreMSTests() in C:\TFS\Code\GulfstreamTestCollection\products\AirInterfaceTests\v1.0\Regression\SearchToTicket.cs:line 455
</StackTrace>
            </ErrorInfo>
          </Output>
        </UnitTestResult>
        <UnitTestResult executionId="2f17ff2d-47f3-4b79-9b80-9300a3afc741" parentExecutionId="229b3952-d882-4fdd-9d47-736608034d8c" testId="c4fd1cab-2c37-5b40-a523-1456cdfac63d" testName="SabreMSTests" computerName="DEL507A1EA296" duration="00:00:00.0017330" startTime="2014-08-26T16:48:17.9078936+05:30" endTime="2014-08-26T16:48:17.9098458+05:30" testType="13cdc9d9-ddb5-4fa4-a97d-d965ccfc6d4b" outcome="Failed" testListId="1ea10c4b-ae26-4404-9c26-2c88dd2ae4bd" relativeResultsDirectory="229b3952-d882-4fdd-9d47-736608034d8c" dataRowInfo="14" resultType="DataDrivenDataRow">
          <Output>
            <ErrorInfo>
              <Message>Assert.Fail failed. Assert.Fail failed. </Message>
              <StackTrace>   at SearchToTicket.SearchToTicketMSTests.SabreMSTests() in C:\TFS\Code\GulfstreamTestCollection\products\AirInterfaceTests\v1.0\Regression\SearchToTicket.cs:line 455
</StackTrace>
            </ErrorInfo>
          </Output>
        </UnitTestResult>
        <UnitTestResult executionId="889e67c1-43df-4632-a219-7071d3495c34" parentExecutionId="229b3952-d882-4fdd-9d47-736608034d8c" testId="c4fd1cab-2c37-5b40-a523-1456cdfac63d" testName="SabreMSTests" computerName="DEL507A1EA296" duration="00:00:00.0018648" startTime="2014-08-26T16:48:17.9098458+05:30" endTime="2014-08-26T16:48:17.9117980+05:30" testType="13cdc9d9-ddb5-4fa4-a97d-d965ccfc6d4b" outcome="Failed" testListId="1ea10c4b-ae26-4404-9c26-2c88dd2ae4bd" relativeResultsDirectory="229b3952-d882-4fdd-9d47-736608034d8c" dataRowInfo="15" resultType="DataDrivenDataRow">
          <Output>
            <ErrorInfo>
              <Message>Assert.Fail failed. Assert.Fail failed. </Message>
              <StackTrace>   at SearchToTicket.SearchToTicketMSTests.SabreMSTests() in C:\TFS\Code\GulfstreamTestCollection\products\AirInterfaceTests\v1.0\Regression\SearchToTicket.cs:line 455
</StackTrace>
            </ErrorInfo>
          </Output>
        </UnitTestResult>
      </InnerResults>
    </UnitTestResult>
  </Results>
</TestRun>